[2023-10-08 12:01:13,827] INFO [GroupCoordinator 0]: Dynamic member with unknown member id joins group console-consumer-55823 in Empty state. Created a new member id console-consumer-b5c53359-94e1-4ac7-ab57-6ed5665cd4ff and request the member to rejoin with this id. (kafka.coordinator.group.GroupCoordinator)
[2023-10-08 12:01:13,830] INFO [GroupCoordinator 0]: Preparing to rebalance group console-consumer-55823 in state PreparingRebalance with old generation 0 (__consumer_offsets-4) (reason: Adding new member console-consumer-b5c53359-94e1-4ac7-ab57-6ed5665cd4ff with group instance id None; client reason: rebalance failed due to MemberIdRequiredException) (kafka.coordinator.group.GroupCoordinator)
[2023-10-08 12:01:13,831] INFO [GroupCoordinator 0]: Stabilized group console-consumer-55823 generation 1 (__consumer_offsets-4) with 1 members (kafka.coordinator.group.GroupCoordinator)
[2023-10-08 12:01:13,836] INFO [GroupCoordinator 0]: Assignment received from leader console-consumer-b5c53359-94e1-4ac7-ab57-6ed5665cd4ff for group console-consumer-55823 for generation 1. The group has 1 members, 0 of which are static. (kafka.coordinator.group.GroupCoordinator)
[2023-10-08 12:01:15,200] INFO [GroupCoordinator 0]: Preparing to rebalance group console-consumer-55823 in state PreparingRebalance with old generation 1 (__consumer_offsets-4) (reason: Removing member console-consumer-b5c53359-94e1-4ac7-ab57-6ed5665cd4ff on LeaveGroup; client reason: the consumer is being closed) (kafka.coordinator.group.GroupCoordinator)
[2023-10-08 12:01:15,200] INFO [GroupCoordinator 0]: Group console-consumer-55823 with generation 2 is now empty (__consumer_offsets-4) (kafka.coordinator.group.GroupCoordinator)
[2023-10-08 12:01:15,201] INFO [GroupCoordinator 0]: Member MemberMetadata(memberId=console-consumer-b5c53359-94e1-4ac7-ab57-6ed5665cd4ff, groupInstanceId=None, clientId=console-consumer, clientHost=/127.0.0.1, sessionTimeoutMs=45000, rebalanceTimeoutMs=300000, supportedProtocols=List(range, cooperative-sticky)) has left group console-consumer-55823 through explicit `LeaveGroup`; client reason: the consumer is being closed (kafka.coordinator.group.GroupCoordinator)
[2023-10-08 12:01:35,984] INFO [GroupCoordinator 0]: Dynamic member with unknown member id joins group console-consumer-90653 in Empty state. Created a new member id console-consumer-3ff1416a-da2b-475a-af8f-2c9e34f91665 and request the member to rejoin with this id. (kafka.coordinator.group.GroupCoordinator)
[2023-10-08 12:01:35,986] INFO [GroupCoordinator 0]: Preparing to rebalance group console-consumer-90653 in state PreparingRebalance with old generation 0 (__consumer_offsets-4) (reason: Adding new member console-consumer-3ff1416a-da2b-475a-af8f-2c9e34f91665 with group instance id None; client reason: rebalance failed due to MemberIdRequiredException) (kafka.coordinator.group.GroupCoordinator)
[2023-10-08 12:01:35,986] INFO [GroupCoordinator 0]: Stabilized group console-consumer-90653 generation 1 (__consumer_offsets-4) with 1 members (kafka.coordinator.group.GroupCoordinator)
[2023-10-08 12:01:35,992] INFO [GroupCoordinator 0]: Assignment received from leader console-consumer-3ff1416a-da2b-475a-af8f-2c9e34f91665 for group console-consumer-90653 for generation 1. The group has 1 members, 0 of which are static. (kafka.coordinator.group.GroupCoordinator)
[2023-10-08 12:05:20,570] INFO [GroupMetadataManager brokerId=0] Group console-consumer-55823 transitioned to Dead in generation 2 (kafka.coordinator.group.GroupMetadataManager)
[2023-10-08 12:05:20,578] INFO [GroupMetadataManager brokerId=0] Group console-consumer-51728 transitioned to Dead in generation 2 (kafka.coordinator.group.GroupMetadataManager)
[2023-10-08 12:05:20,579] INFO [GroupMetadataManager brokerId=0] Group console-consumer-41555 transitioned to Dead in generation 2 (kafka.coordinator.group.GroupMetadataManager)
[2023-10-08 12:06:23,749] INFO [BrokerToControllerChannelManager id=0 name=forwarding] Node 0 disconnected. (org.apache.kafka.clients.NetworkClient)
[2023-10-08 12:21:51,136] INFO [GroupCoordinator 0]: Dynamic member with unknown member id joins group groupId in Empty state. Created a new member id consumer-groupId-1-63fb3a0d-92df-48e5-afcf-5b12d68c7c7d and request the member to rejoin with this id. (kafka.coordinator.group.GroupCoordinator)
[2023-10-08 12:21:51,142] INFO [GroupCoordinator 0]: Preparing to rebalance group groupId in state PreparingRebalance with old generation 0 (__consumer_offsets-18) (reason: Adding new member consumer-groupId-1-63fb3a0d-92df-48e5-afcf-5b12d68c7c7d with group instance id None; client reason: rebalance failed due to MemberIdRequiredException) (kafka.coordinator.group.GroupCoordinator)
[2023-10-08 12:21:51,145] INFO [GroupCoordinator 0]: Stabilized group groupId generation 1 (__consumer_offsets-18) with 1 members (kafka.coordinator.group.GroupCoordinator)
[2023-10-08 12:21:51,151] INFO [GroupCoordinator 0]: Assignment received from leader consumer-groupId-1-63fb3a0d-92df-48e5-afcf-5b12d68c7c7d for group groupId for generation 1. The group has 1 members, 0 of which are static. (kafka.coordinator.group.GroupCoordinator)
[2023-10-08 12:23:09,585] INFO [GroupCoordinator 0]: Preparing to rebalance group groupId in state PreparingRebalance with old generation 1 (__consumer_offsets-18) (reason: Removing member consumer-groupId-1-63fb3a0d-92df-48e5-afcf-5b12d68c7c7d on LeaveGroup; client reason: the consumer unsubscribed from all topics) (kafka.coordinator.group.GroupCoordinator)
[2023-10-08 12:23:09,586] INFO [GroupCoordinator 0]: Group groupId with generation 2 is now empty (__consumer_offsets-18) (kafka.coordinator.group.GroupCoordinator)
[2023-10-08 12:23:09,589] INFO [GroupCoordinator 0]: Member MemberMetadata(memberId=consumer-groupId-1-63fb3a0d-92df-48e5-afcf-5b12d68c7c7d, groupInstanceId=None, clientId=consumer-groupId-1, clientHost=/127.0.0.1, sessionTimeoutMs=45000, rebalanceTimeoutMs=300000, supportedProtocols=List(range, cooperative-sticky)) has left group groupId through explicit `LeaveGroup`; client reason: the consumer unsubscribed from all topics (kafka.coordinator.group.GroupCoordinator)
[2023-10-08 12:23:12,122] INFO [GroupCoordinator 0]: Dynamic member with unknown member id joins group groupId in Empty state. Created a new member id consumer-groupId-1-9da9159a-1d61-4e44-856f-ec2690e7e9ac and request the member to rejoin with this id. (kafka.coordinator.group.GroupCoordinator)
[2023-10-08 12:23:12,133] INFO [GroupCoordinator 0]: Preparing to rebalance group groupId in state PreparingRebalance with old generation 2 (__consumer_offsets-18) (reason: Adding new member consumer-groupId-1-9da9159a-1d61-4e44-856f-ec2690e7e9ac with group instance id None; client reason: rebalance failed due to MemberIdRequiredException) (kafka.coordinator.group.GroupCoordinator)
[2023-10-08 12:23:12,133] INFO [GroupCoordinator 0]: Stabilized group groupId generation 3 (__consumer_offsets-18) with 1 members (kafka.coordinator.group.GroupCoordinator)
[2023-10-08 12:23:12,136] INFO [GroupCoordinator 0]: Assignment received from leader consumer-groupId-1-9da9159a-1d61-4e44-856f-ec2690e7e9ac for group groupId for generation 3. The group has 1 members, 0 of which are static. (kafka.coordinator.group.GroupCoordinator)
