[2023-10-08 12:31:37,105] INFO [Controller id=0 epoch=1] Sending UpdateMetadata request to brokers HashSet() for 0 partitions (state.change.logger)
[2023-10-08 12:32:36,966] INFO [Controller id=0 epoch=2] Sending UpdateMetadata request to brokers HashSet(0) for 0 partitions (state.change.logger)
[2023-10-08 12:32:36,983] INFO [Controller id=0 epoch=2] Sending LeaderAndIsr request to broker 0 with 53 become-leader and 0 become-follower partitions (state.change.logger)
[2023-10-08 12:32:36,984] INFO [Controller id=0 epoch=2] Sending UpdateMetadata request to brokers HashSet(0) for 53 partitions (state.change.logger)
[2023-10-08 12:32:37,119] INFO [Broker id=0] Handling LeaderAndIsr request correlationId 1 from controller 0 for 53 partitions (state.change.logger)
[2023-10-08 12:32:37,131] INFO [Broker id=0] Stopped fetchers as part of LeaderAndIsr request correlationId 1 from controller 0 epoch 2 as part of the become-leader transition for 53 partitions (state.change.logger)
[2023-10-08 12:32:37,135] INFO [Broker id=0] Leader __consumer_offsets-3 with topic id Some(10WG5QlRS1WQAKe56JRyvw) starts at leader epoch 0 from offset 0 with partition epoch 0, high watermark 0, ISR [0], adding replicas [] and removing replicas [] . Previous leader epoch was -1. (state.change.logger)
[2023-10-08 12:32:37,156] INFO [Broker id=0] Leader quickstart-events-0 with topic id Some(YAbb0YTZTYWfLX7P0fwJoA) starts at leader epoch 0 from offset 107 with partition epoch 0, high watermark 107, ISR [0], adding replicas [] and removing replicas [] . Previous leader epoch was -1. (state.change.logger)
[2023-10-08 12:32:37,156] INFO [Broker id=0] Leader __consumer_offsets-18 with topic id Some(10WG5QlRS1WQAKe56JRyvw) starts at leader epoch 0 from offset 6 with partition epoch 0, high watermark 6, ISR [0], adding replicas [] and removing replicas [] . Previous leader epoch was -1. (state.change.logger)
[2023-10-08 12:32:37,156] INFO [Broker id=0] Leader __consumer_offsets-41 with topic id Some(10WG5QlRS1WQAKe56JRyvw) starts at leader epoch 0 from offset 0 with partition epoch 0, high watermark 0, ISR [0], adding replicas [] and removing replicas [] . Previous leader epoch was -1. (state.change.logger)
[2023-10-08 12:32:37,174] INFO [Broker id=0] Leader __consumer_offsets-10 with topic id Some(10WG5QlRS1WQAKe56JRyvw) starts at leader epoch 0 from offset 0 with partition epoch 0, high watermark 0, ISR [0], adding replicas [] and removing replicas [] . Previous leader epoch was -1. (state.change.logger)
[2023-10-08 12:32:37,177] INFO [Broker id=0] Leader __consumer_offsets-33 with topic id Some(10WG5QlRS1WQAKe56JRyvw) starts at leader epoch 0 from offset 0 with partition epoch 0, high watermark 0, ISR [0], adding replicas [] and removing replicas [] . Previous leader epoch was -1. (state.change.logger)
[2023-10-08 12:32:37,196] INFO [Broker id=0] Leader __consumer_offsets-48 with topic id Some(10WG5QlRS1WQAKe56JRyvw) starts at leader epoch 0 from offset 0 with partition epoch 0, high watermark 0, ISR [0], adding replicas [] and removing replicas [] . Previous leader epoch was -1. (state.change.logger)
[2023-10-08 12:32:37,215] INFO [Broker id=0] Leader __consumer_offsets-19 with topic id Some(10WG5QlRS1WQAKe56JRyvw) starts at leader epoch 0 from offset 0 with partition epoch 0, high watermark 0, ISR [0], adding replicas [] and removing replicas [] . Previous leader epoch was -1. (state.change.logger)
[2023-10-08 12:32:37,235] INFO [Broker id=0] Leader __consumer_offsets-34 with topic id Some(10WG5QlRS1WQAKe56JRyvw) starts at leader epoch 0 from offset 3 with partition epoch 0, high watermark 3, ISR [0], adding replicas [] and removing replicas [] . Previous leader epoch was -1. (state.change.logger)
[2023-10-08 12:32:37,235] INFO [Broker id=0] Leader __consumer_offsets-4 with topic id Some(10WG5QlRS1WQAKe56JRyvw) starts at leader epoch 0 from offset 5 with partition epoch 0, high watermark 5, ISR [0], adding replicas [] and removing replicas [] . Previous leader epoch was -1. (state.change.logger)
[2023-10-08 12:32:37,236] INFO [Broker id=0] Leader __consumer_offsets-11 with topic id Some(10WG5QlRS1WQAKe56JRyvw) starts at leader epoch 0 from offset 0 with partition epoch 0, high watermark 0, ISR [0], adding replicas [] and removing replicas [] . Previous leader epoch was -1. (state.change.logger)
[2023-10-08 12:32:37,255] INFO [Broker id=0] Leader __consumer_offsets-26 with topic id Some(10WG5QlRS1WQAKe56JRyvw) starts at leader epoch 0 from offset 0 with partition epoch 0, high watermark 0, ISR [0], adding replicas [] and removing replicas [] . Previous leader epoch was -1. (state.change.logger)
[2023-10-08 12:32:37,274] INFO [Broker id=0] Leader __consumer_offsets-49 with topic id Some(10WG5QlRS1WQAKe56JRyvw) starts at leader epoch 0 from offset 0 with partition epoch 0, high watermark 0, ISR [0], adding replicas [] and removing replicas [] . Previous leader epoch was -1. (state.change.logger)
[2023-10-08 12:32:37,293] INFO [Broker id=0] Leader __consumer_offsets-39 with topic id Some(10WG5QlRS1WQAKe56JRyvw) starts at leader epoch 0 from offset 0 with partition epoch 0, high watermark 0, ISR [0], adding replicas [] and removing replicas [] . Previous leader epoch was -1. (state.change.logger)
[2023-10-08 12:32:37,312] INFO [Broker id=0] Leader __consumer_offsets-9 with topic id Some(10WG5QlRS1WQAKe56JRyvw) starts at leader epoch 0 from offset 0 with partition epoch 0, high watermark 0, ISR [0], adding replicas [] and removing replicas [] . Previous leader epoch was -1. (state.change.logger)
[2023-10-08 12:32:37,332] INFO [Broker id=0] Leader __consumer_offsets-24 with topic id Some(10WG5QlRS1WQAKe56JRyvw) starts at leader epoch 0 from offset 0 with partition epoch 0, high watermark 0, ISR [0], adding replicas [] and removing replicas [] . Previous leader epoch was -1. (state.change.logger)
[2023-10-08 12:32:37,352] INFO [Broker id=0] Leader __consumer_offsets-31 with topic id Some(10WG5QlRS1WQAKe56JRyvw) starts at leader epoch 0 from offset 3 with partition epoch 0, high watermark 3, ISR [0], adding replicas [] and removing replicas [] . Previous leader epoch was -1. (state.change.logger)
[2023-10-08 12:32:37,353] INFO [Broker id=0] Leader __consumer_offsets-46 with topic id Some(10WG5QlRS1WQAKe56JRyvw) starts at leader epoch 0 from offset 0 with partition epoch 0, high watermark 0, ISR [0], adding replicas [] and removing replicas [] . Previous leader epoch was -1. (state.change.logger)
[2023-10-08 12:32:37,372] INFO [Broker id=0] Leader __consumer_offsets-1 with topic id Some(10WG5QlRS1WQAKe56JRyvw) starts at leader epoch 0 from offset 0 with partition epoch 0, high watermark 0, ISR [0], adding replicas [] and removing replicas [] . Previous leader epoch was -1. (state.change.logger)
[2023-10-08 12:32:37,393] INFO [Broker id=0] Leader __consumer_offsets-16 with topic id Some(10WG5QlRS1WQAKe56JRyvw) starts at leader epoch 0 from offset 0 with partition epoch 0, high watermark 0, ISR [0], adding replicas [] and removing replicas [] . Previous leader epoch was -1. (state.change.logger)
[2023-10-08 12:32:37,413] INFO [Broker id=0] Leader __consumer_offsets-2 with topic id Some(10WG5QlRS1WQAKe56JRyvw) starts at leader epoch 0 from offset 0 with partition epoch 0, high watermark 0, ISR [0], adding replicas [] and removing replicas [] . Previous leader epoch was -1. (state.change.logger)
[2023-10-08 12:32:37,433] INFO [Broker id=0] Leader __consumer_offsets-25 with topic id Some(10WG5QlRS1WQAKe56JRyvw) starts at leader epoch 0 from offset 0 with partition epoch 0, high watermark 0, ISR [0], adding replicas [] and removing replicas [] . Previous leader epoch was -1. (state.change.logger)
[2023-10-08 12:32:37,453] INFO [Broker id=0] Leader __consumer_offsets-40 with topic id Some(10WG5QlRS1WQAKe56JRyvw) starts at leader epoch 0 from offset 0 with partition epoch 0, high watermark 0, ISR [0], adding replicas [] and removing replicas [] . Previous leader epoch was -1. (state.change.logger)
[2023-10-08 12:32:37,474] INFO [Broker id=0] Leader __consumer_offsets-47 with topic id Some(10WG5QlRS1WQAKe56JRyvw) starts at leader epoch 0 from offset 0 with partition epoch 0, high watermark 0, ISR [0], adding replicas [] and removing replicas [] . Previous leader epoch was -1. (state.change.logger)
[2023-10-08 12:32:37,494] INFO [Broker id=0] Leader __consumer_offsets-17 with topic id Some(10WG5QlRS1WQAKe56JRyvw) starts at leader epoch 0 from offset 0 with partition epoch 0, high watermark 0, ISR [0], adding replicas [] and removing replicas [] . Previous leader epoch was -1. (state.change.logger)
[2023-10-08 12:32:37,514] INFO [Broker id=0] Leader __consumer_offsets-32 with topic id Some(10WG5QlRS1WQAKe56JRyvw) starts at leader epoch 0 from offset 0 with partition epoch 0, high watermark 0, ISR [0], adding replicas [] and removing replicas [] . Previous leader epoch was -1. (state.change.logger)
[2023-10-08 12:32:37,534] INFO [Broker id=0] Leader __consumer_offsets-37 with topic id Some(10WG5QlRS1WQAKe56JRyvw) starts at leader epoch 0 from offset 0 with partition epoch 0, high watermark 0, ISR [0], adding replicas [] and removing replicas [] . Previous leader epoch was -1. (state.change.logger)
[2023-10-08 12:32:37,555] INFO [Broker id=0] Leader __consumer_offsets-7 with topic id Some(10WG5QlRS1WQAKe56JRyvw) starts at leader epoch 0 from offset 0 with partition epoch 0, high watermark 0, ISR [0], adding replicas [] and removing replicas [] . Previous leader epoch was -1. (state.change.logger)
[2023-10-08 12:32:37,576] INFO [Broker id=0] Leader __consumer_offsets-22 with topic id Some(10WG5QlRS1WQAKe56JRyvw) starts at leader epoch 0 from offset 0 with partition epoch 0, high watermark 0, ISR [0], adding replicas [] and removing replicas [] . Previous leader epoch was -1. (state.change.logger)
[2023-10-08 12:32:37,595] INFO [Broker id=0] Leader __consumer_offsets-29 with topic id Some(10WG5QlRS1WQAKe56JRyvw) starts at leader epoch 0 from offset 0 with partition epoch 0, high watermark 0, ISR [0], adding replicas [] and removing replicas [] . Previous leader epoch was -1. (state.change.logger)
[2023-10-08 12:32:37,615] INFO [Broker id=0] Leader __consumer_offsets-44 with topic id Some(10WG5QlRS1WQAKe56JRyvw) starts at leader epoch 0 from offset 0 with partition epoch 0, high watermark 0, ISR [0], adding replicas [] and removing replicas [] . Previous leader epoch was -1. (state.change.logger)
[2023-10-08 12:32:37,635] INFO [Broker id=0] Leader __consumer_offsets-14 with topic id Some(10WG5QlRS1WQAKe56JRyvw) starts at leader epoch 0 from offset 0 with partition epoch 0, high watermark 0, ISR [0], adding replicas [] and removing replicas [] . Previous leader epoch was -1. (state.change.logger)
[2023-10-08 12:32:37,658] INFO [Broker id=0] Leader __consumer_offsets-23 with topic id Some(10WG5QlRS1WQAKe56JRyvw) starts at leader epoch 0 from offset 0 with partition epoch 0, high watermark 0, ISR [0], adding replicas [] and removing replicas [] . Previous leader epoch was -1. (state.change.logger)
[2023-10-08 12:32:37,678] INFO [Broker id=0] Leader __consumer_offsets-38 with topic id Some(10WG5QlRS1WQAKe56JRyvw) starts at leader epoch 0 from offset 0 with partition epoch 0, high watermark 0, ISR [0], adding replicas [] and removing replicas [] . Previous leader epoch was -1. (state.change.logger)
[2023-10-08 12:32:37,699] INFO [Broker id=0] Leader __consumer_offsets-8 with topic id Some(10WG5QlRS1WQAKe56JRyvw) starts at leader epoch 0 from offset 0 with partition epoch 0, high watermark 0, ISR [0], adding replicas [] and removing replicas [] . Previous leader epoch was -1. (state.change.logger)
[2023-10-08 12:32:37,719] INFO [Broker id=0] Leader __consumer_offsets-45 with topic id Some(10WG5QlRS1WQAKe56JRyvw) starts at leader epoch 0 from offset 0 with partition epoch 0, high watermark 0, ISR [0], adding replicas [] and removing replicas [] . Previous leader epoch was -1. (state.change.logger)
[2023-10-08 12:32:37,738] INFO [Broker id=0] Leader __consumer_offsets-15 with topic id Some(10WG5QlRS1WQAKe56JRyvw) starts at leader epoch 0 from offset 0 with partition epoch 0, high watermark 0, ISR [0], adding replicas [] and removing replicas [] . Previous leader epoch was -1. (state.change.logger)
[2023-10-08 12:32:37,758] INFO [Broker id=0] Leader __consumer_offsets-30 with topic id Some(10WG5QlRS1WQAKe56JRyvw) starts at leader epoch 0 from offset 0 with partition epoch 0, high watermark 0, ISR [0], adding replicas [] and removing replicas [] . Previous leader epoch was -1. (state.change.logger)
[2023-10-08 12:32:37,778] INFO [Broker id=0] Leader __consumer_offsets-0 with topic id Some(10WG5QlRS1WQAKe56JRyvw) starts at leader epoch 0 from offset 0 with partition epoch 0, high watermark 0, ISR [0], adding replicas [] and removing replicas [] . Previous leader epoch was -1. (state.change.logger)
[2023-10-08 12:32:37,800] INFO [Broker id=0] Leader __consumer_offsets-35 with topic id Some(10WG5QlRS1WQAKe56JRyvw) starts at leader epoch 0 from offset 0 with partition epoch 0, high watermark 0, ISR [0], adding replicas [] and removing replicas [] . Previous leader epoch was -1. (state.change.logger)
[2023-10-08 12:32:37,819] INFO [Broker id=0] Leader __consumer_offsets-5 with topic id Some(10WG5QlRS1WQAKe56JRyvw) starts at leader epoch 0 from offset 0 with partition epoch 0, high watermark 0, ISR [0], adding replicas [] and removing replicas [] . Previous leader epoch was -1. (state.change.logger)
[2023-10-08 12:32:37,840] INFO [Broker id=0] Leader __consumer_offsets-20 with topic id Some(10WG5QlRS1WQAKe56JRyvw) starts at leader epoch 0 from offset 0 with partition epoch 0, high watermark 0, ISR [0], adding replicas [] and removing replicas [] . Previous leader epoch was -1. (state.change.logger)
[2023-10-08 12:32:37,861] INFO [Broker id=0] Leader __consumer_offsets-27 with topic id Some(10WG5QlRS1WQAKe56JRyvw) starts at leader epoch 0 from offset 0 with partition epoch 0, high watermark 0, ISR [0], adding replicas [] and removing replicas [] . Previous leader epoch was -1. (state.change.logger)
[2023-10-08 12:32:37,881] INFO [Broker id=0] Leader prova-0 with topic id Some(aKpLLfgESP6MvF_15NUOfQ) starts at leader epoch 0 from offset 0 with partition epoch 0, high watermark 0, ISR [0], adding replicas [] and removing replicas [] . Previous leader epoch was -1. (state.change.logger)
[2023-10-08 12:32:37,902] INFO [Broker id=0] Leader __consumer_offsets-42 with topic id Some(10WG5QlRS1WQAKe56JRyvw) starts at leader epoch 0 from offset 0 with partition epoch 0, high watermark 0, ISR [0], adding replicas [] and removing replicas [] . Previous leader epoch was -1. (state.change.logger)
[2023-10-08 12:32:37,922] INFO [Broker id=0] Leader __consumer_offsets-12 with topic id Some(10WG5QlRS1WQAKe56JRyvw) starts at leader epoch 0 from offset 0 with partition epoch 0, high watermark 0, ISR [0], adding replicas [] and removing replicas [] . Previous leader epoch was -1. (state.change.logger)
[2023-10-08 12:32:37,942] INFO [Broker id=0] Leader __consumer_offsets-21 with topic id Some(10WG5QlRS1WQAKe56JRyvw) starts at leader epoch 0 from offset 0 with partition epoch 0, high watermark 0, ISR [0], adding replicas [] and removing replicas [] . Previous leader epoch was -1. (state.change.logger)
[2023-10-08 12:32:37,962] INFO [Broker id=0] Leader __consumer_offsets-36 with topic id Some(10WG5QlRS1WQAKe56JRyvw) starts at leader epoch 0 from offset 0 with partition epoch 0, high watermark 0, ISR [0], adding replicas [] and removing replicas [] . Previous leader epoch was -1. (state.change.logger)
[2023-10-08 12:32:37,982] INFO [Broker id=0] Leader __consumer_offsets-6 with topic id Some(10WG5QlRS1WQAKe56JRyvw) starts at leader epoch 0 from offset 0 with partition epoch 0, high watermark 0, ISR [0], adding replicas [] and removing replicas [] . Previous leader epoch was -1. (state.change.logger)
[2023-10-08 12:32:38,003] INFO [Broker id=0] Leader __consumer_offsets-43 with topic id Some(10WG5QlRS1WQAKe56JRyvw) starts at leader epoch 0 from offset 0 with partition epoch 0, high watermark 0, ISR [0], adding replicas [] and removing replicas [] . Previous leader epoch was -1. (state.change.logger)
[2023-10-08 12:32:38,023] INFO [Broker id=0] Leader amigos-0 with topic id Some(A0CNcx2cRda8hnOx-ndKfg) starts at leader epoch 0 from offset 1 with partition epoch 0, high watermark 1, ISR [0], adding replicas [] and removing replicas [] . Previous leader epoch was -1. (state.change.logger)
[2023-10-08 12:32:38,024] INFO [Broker id=0] Leader __consumer_offsets-13 with topic id Some(10WG5QlRS1WQAKe56JRyvw) starts at leader epoch 0 from offset 0 with partition epoch 0, high watermark 0, ISR [0], adding replicas [] and removing replicas [] . Previous leader epoch was -1. (state.change.logger)
[2023-10-08 12:32:38,044] INFO [Broker id=0] Leader __consumer_offsets-28 with topic id Some(10WG5QlRS1WQAKe56JRyvw) starts at leader epoch 0 from offset 0 with partition epoch 0, high watermark 0, ISR [0], adding replicas [] and removing replicas [] . Previous leader epoch was -1. (state.change.logger)
[2023-10-08 12:32:38,096] INFO [Broker id=0] Finished LeaderAndIsr request in 978ms correlationId 1 from controller 0 for 53 partitions (state.change.logger)
[2023-10-08 12:32:38,103] INFO [Broker id=0] Add 53 partitions and deleted 0 partitions from metadata cache in response to UpdateMetadata request sent by controller 0 epoch 2 with correlation id 2 (state.change.logger)
[2023-10-08 12:32:49,040] INFO [Controller id=0 epoch=2] Sending UpdateMetadata request to brokers HashSet() for 0 partitions (state.change.logger)
